Command: /home/ICer/work/GRU_AI_Accelerator/applicaction/./simv -l sim.log
Chronologic VCS simulator copyright 1991-2018
Contains Synopsys proprietary information.
Compiler version O-2018.09-1_Full64; Runtime version O-2018.09-1_Full64;  Mar 13 18:54 2023
*Verdi* Loading libsscore_vcs201809.so
FSDB Dumper for VCS, Release Verdi_O-2018.09-SP2, Linux x86_64/64bit, 02/21/2019
(C) 1996 - 2019 by Synopsys, Inc.
*Verdi* FSDB WARNING: The FSDB file already exists. Overwriting the FSDB file may crash the programs that are using this file.
*Verdi* : Create FSDB file 'tb.fsdb'
*Verdi* : Begin traversing the scopes, layer (0).
*Verdi* : End of traversing.
Seqlens:  x
Reset System
Seqlens:  0
Simulation Start
Seqlens:  1
Seqlens:  2
Seqlens:  3
Seqlens:  4
Seqlens:  5
Seqlens:  6
Seqlens:  7
Seqlens:  8
Seqlens:  9
Seqlens: 10
Seqlens: 11
Seqlens: 12
Seqlens: 13
Seqlens: 14
Seqlens: 15
Seqlens: 16
Seqlens: 17
Seqlens: 18
Seqlens: 19
Seqlens: 20
Seqlens: 21
Seqlens: 22
Seqlens: 23
Seqlens: 24
Seqlens: 25
Seqlens: 26
Seqlens: 27
Seqlens: 28
Seqlens: 29
Seqlens: 30
Seqlens: 31
Seqlens: 32
Seqlens: 33
Seqlens: 34
Seqlens: 35
Seqlens: 36
Start checking Result...
Using Cycles:      200520
[CORRECT]: Seqlens:  36
=============================
          PASS!!          
=============================
$finish called from file "./sim/CVAE_tb.v", line 408.
$finish at simulation time           4814988000
           V C S   S i m u l a t i o n   R e p o r t 
Time: 4814988000 ps
CPU Time:      1.360 seconds;       Data structure size:   0.4Mb
Mon Mar 13 18:54:23 2023
